0 info it worked if it ends with ok
1 verbose cli [ 'C:\\Program Files\\nodejs\\node.exe',
1 verbose cli   'C:\\Users\\konbe\\AppData\\Roaming\\npm\\node_modules\\npm\\bin\\npm-cli.js',
1 verbose cli   'start' ]
2 info using npm@3.3.3
3 info using node@v4.1.0
4 verbose run-script [ 'prestart', 'start', 'poststart' ]
5 info lifecycle MyNewApp@0.0.0~prestart: MyNewApp@0.0.0
6 silly lifecycle MyNewApp@0.0.0~prestart: no script for prestart, continuing
7 info lifecycle MyNewApp@0.0.0~start: MyNewApp@0.0.0
8 verbose lifecycle MyNewApp@0.0.0~start: unsafe-perm in lifecycle true
9 verbose lifecycle MyNewApp@0.0.0~start: PATH: C:\Users\konbe\AppData\Roaming\npm\node_modules\npm\bin\node-gyp-bin;C:\appl\source\node\MyNewApp\node_modules\.bin;C:\Users\konbe\AppData\Roaming\npm;C:\Program Files\nodejs\;C:\Oracle\ora11_32\bin;C:\WINDOWS\system32;C:\WINDOWS;C:\WINDOWS\System32\Wbem;C:\Program Files (x86)\Microsoft Application Virtualization Client;C:\Program Files (x86)\Utils;C:\Program Files (x86)\Java\jre1.6.0_29\bin\;C:\Program Files\nodejs\;C:\WINDOWS\System32\WindowsPowerShell\v1.0\;C:\Progra~1\Git\bin;C:\Users\konbe\AppData\Roaming\npm;C:\Program Files (x86)\Microsoft VS Code\bin
10 verbose lifecycle MyNewApp@0.0.0~start: CWD: C:\appl\source\node\MyNewApp
11 silly lifecycle MyNewApp@0.0.0~start: Args: [ '/d /s /c', 'node ./bin/www' ]
12 silly lifecycle MyNewApp@0.0.0~start: Returned: code: 1  signal: null
13 info lifecycle MyNewApp@0.0.0~start: Failed to exec start script
14 verbose stack Error: MyNewApp@0.0.0 start: `node ./bin/www`
14 verbose stack Exit status 1
14 verbose stack     at EventEmitter.<anonymous> (C:\Users\konbe\AppData\Roaming\npm\node_modules\npm\lib\utils\lifecycle.js:233:16)
14 verbose stack     at emitTwo (events.js:87:13)
14 verbose stack     at EventEmitter.emit (events.js:172:7)
14 verbose stack     at ChildProcess.<anonymous> (C:\Users\konbe\AppData\Roaming\npm\node_modules\npm\lib\utils\spawn.js:24:14)
14 verbose stack     at emitTwo (events.js:87:13)
14 verbose stack     at ChildProcess.emit (events.js:172:7)
14 verbose stack     at maybeClose (internal/child_process.js:817:16)
14 verbose stack     at Process.ChildProcess._handle.onexit (internal/child_process.js:211:5)
15 verbose pkgid MyNewApp@0.0.0
16 verbose cwd C:\appl\source\node\MyNewApp
17 error Windows_NT 6.1.7601
18 error argv "C:\\Program Files\\nodejs\\node.exe" "C:\\Users\\konbe\\AppData\\Roaming\\npm\\node_modules\\npm\\bin\\npm-cli.js" "start"
19 error node v4.1.0
20 error npm  v3.3.3
21 error code ELIFECYCLE
22 error MyNewApp@0.0.0 start: `node ./bin/www`
22 error Exit status 1
23 error Failed at the MyNewApp@0.0.0 start script 'node ./bin/www'.
23 error This is most likely a problem with the MyNewApp package,
23 error not with npm itself.
23 error Tell the author that this fails on your system:
23 error     node ./bin/www
23 error You can get their info via:
23 error     npm owner ls MyNewApp
23 error There is likely additional logging output above.
24 verbose exit [ 1, true ]
